<?xml version="1.0" encoding="UTF-8"?>
<!-- Generated by org.testng.reporters.JUnitReportReporter -->
<testsuite hostname="DESKTOP-SQMV3DN" failures="0" tests="6" name="E2EProject.OrangeHRM.NegativeLoginTest" time="5.614" errors="0" timestamp="2021-06-26T18:48:48 CEST" skipped="0">
  <testcase classname="E2EProject.OrangeHRM.NegativeLoginTest" name="negativeTest" time="0.424"/>
  <system-out/>
  <testcase classname="E2EProject.OrangeHRM.NegativeLoginTest" name="negativeTest" time="0.727"/>
  <system-out/>
  <testcase classname="E2EProject.OrangeHRM.NegativeLoginTest" name="negativeTest" time="1.255"/>
  <system-out/>
  <testcase classname="E2EProject.OrangeHRM.NegativeLoginTest" name="negativeTest" time="2.089"/>
  <system-out/>
  <testcase classname="E2EProject.OrangeHRM.NegativeLoginTest" name="negativeTest" time="0.432"/>
  <system-out/>
  <testcase classname="E2EProject.OrangeHRM.NegativeLoginTest" name="negativeTest" time="0.687"/>
  <system-out/>
</testsuite> <!-- E2EProject.OrangeHRM.NegativeLoginTest -->
