<?xml version="1.0" encoding="UTF-8"?>
<!-- Generated by org.testng.reporters.JUnitReportReporter -->
<testsuite hostname="DESKTOP-SQMV3DN" failures="0" tests="6" name="E2EProject.OrangeHRM.NegativeLoginTest" time="7.743" errors="0" timestamp="2022-03-30T15:10:19 CEST" skipped="0">
  <testcase classname="E2EProject.OrangeHRM.NegativeLoginTest" name="negativeTest" time="1.286"/>
  <system-out/>
  <testcase classname="E2EProject.OrangeHRM.NegativeLoginTest" name="negativeTest" time="2.158"/>
  <system-out/>
  <testcase classname="E2EProject.OrangeHRM.NegativeLoginTest" name="negativeTest" time="1.695"/>
  <system-out/>
  <testcase classname="E2EProject.OrangeHRM.NegativeLoginTest" name="negativeTest" time="0.698"/>
  <system-out/>
  <testcase classname="E2EProject.OrangeHRM.NegativeLoginTest" name="negativeTest" time="1.318"/>
  <system-out/>
  <testcase classname="E2EProject.OrangeHRM.NegativeLoginTest" name="negativeTest" time="0.588"/>
  <system-out/>
</testsuite> <!-- E2EProject.OrangeHRM.NegativeLoginTest -->
