<?xml version="1.0" encoding="UTF-8"?>
<!-- Generated by org.testng.reporters.JUnitReportReporter -->
<testsuite hostname="DESKTOP-SQMV3DN" failures="0" tests="1" name="E2EProject.OrangeHRM.LoginTest" time="4.323" errors="0" timestamp="2022-03-29T11:38:50 CEST" skipped="0">
  <testcase classname="E2EProject.OrangeHRM.LoginTest" name="positiveTest" time="4.323"/>
  <system-out/>
</testsuite> <!-- E2EProject.OrangeHRM.LoginTest -->
