<?xml version="1.0" encoding="UTF-8"?>
<!-- Generated by org.testng.reporters.JUnitReportReporter -->
<testsuite hostname="DESKTOP-SQMV3DN" failures="0" tests="1" name="E2EProject.OrangeHRM.MyInfoTest" time="7.218" errors="0" timestamp="2022-03-29T11:55:48 CEST" skipped="0">
  <testcase classname="E2EProject.OrangeHRM.MyInfoTest" name="editMyInfo" time="7.218"/>
  <system-out/>
</testsuite> <!-- E2EProject.OrangeHRM.MyInfoTest -->
