<?xml version="1.0" encoding="UTF-8"?>
<!-- Generated by org.testng.reporters.JUnitReportReporter -->
<testsuite hostname="DESKTOP-SQMV3DN" failures="0" tests="3" name="E2EProject.OrangeHRM.A" time="17.549" errors="0" timestamp="2021-06-17T21:36:19 CEST" skipped="0">
  <testcase classname="E2EProject.OrangeHRM.A" name="ge1t" time="16.071"/>
  <system-out/>
  <testcase classname="E2EProject.OrangeHRM.A" name="getTEst" time="0.678"/>
  <system-out/>
  <testcase classname="E2EProject.OrangeHRM.A" name="get" time="0.800"/>
  <system-out/>
</testsuite> <!-- E2EProject.OrangeHRM.A -->
