<?xml version="1.0" encoding="UTF-8"?>
<!-- Generated by org.testng.reporters.JUnitReportReporter -->
<testsuite hostname="DESKTOP-SQMV3DN" failures="0" tests="1" name="E2EProject.OrangeHRM.AssignLeaveTest" time="8.811" errors="0" timestamp="2022-03-28T16:04:09 CEST" skipped="0">
  <testcase classname="E2EProject.OrangeHRM.AssignLeaveTest" name="assignLeaveTest" time="8.811"/>
  <system-out/>
</testsuite> <!-- E2EProject.OrangeHRM.AssignLeaveTest -->
