<?xml version="1.0" encoding="UTF-8"?>
<!-- Generated by org.testng.reporters.JUnitReportReporter -->
<testsuite hostname="DESKTOP-SQMV3DN" failures="0" tests="1" name="E2EProject.OrangeHRM.AssignLeaveTest" time="14.207" errors="0" timestamp="2021-06-26T18:48:48 CEST" skipped="0">
  <testcase classname="E2EProject.OrangeHRM.AssignLeaveTest" name="assignLeaveTest" time="14.207"/>
  <system-out/>
</testsuite> <!-- E2EProject.OrangeHRM.AssignLeaveTest -->
